\BOOKMARK [0][-]{chapter.1}{Introduction}{}% 1
\BOOKMARK [0][-]{chapter.2}{Explications des termes sp\351cifiques}{}% 2
\BOOKMARK [1][-]{section.2.1}{Framework}{chapter.2}% 3
\BOOKMARK [1][-]{section.2.2}{Classes et h\351ritages}{chapter.2}% 4
\BOOKMARK [1][-]{section.2.3}{Diagramme UML}{chapter.2}% 5
\BOOKMARK [1][-]{section.2.4}{Wireframe}{chapter.2}% 6
\BOOKMARK [0][-]{chapter.3}{Fonctionnalit\351s du dashboard}{}% 7
\BOOKMARK [1][-]{section.3.1}{Accueil}{chapter.3}% 8
\BOOKMARK [1][-]{section.3.2}{Exercices}{chapter.3}% 9
\BOOKMARK [1][-]{section.3.3}{Classes}{chapter.3}% 10
\BOOKMARK [1][-]{section.3.4}{Nouvelle classe}{chapter.3}% 11
\BOOKMARK [1][-]{section.3.5}{Compte}{chapter.3}% 12
\BOOKMARK [0][-]{chapter.4}{Documentation}{}% 13
\BOOKMARK [1][-]{section.4.1}{Diff\351rentes technologies}{chapter.4}% 14
\BOOKMARK [1][-]{section.4.2}{Application au projet}{chapter.4}% 15
\BOOKMARK [1][-]{section.4.3}{Wireframes, ou ``sc\351narios du site''}{chapter.4}% 16
\BOOKMARK [1][-]{section.4.4}{Mod\350les et diagrammes UML}{chapter.4}% 17
\BOOKMARK [1][-]{section.4.5}{Impl\351mentation avec le reste du projet}{chapter.4}% 18
\BOOKMARK [0][-]{chapter.5}{D\351veloppement dirig\351 par les tests}{}% 19
\BOOKMARK [1][-]{section.5.1}{Le test fonctionnel}{chapter.5}% 20
\BOOKMARK [1][-]{section.5.2}{Le test unitaire}{chapter.5}% 21
\BOOKMARK [1][-]{section.5.3}{Le cycle du d\351veloppement dirig\351 par les tests}{chapter.5}% 22
\BOOKMARK [1][-]{section.5.4}{Gain de temps?}{chapter.5}% 23
\BOOKMARK [0][-]{chapter.6}{D\351buter un projet}{}% 24
\BOOKMARK [1][-]{section.6.1}{El\351ments requis}{chapter.6}% 25
\BOOKMARK [1][-]{section.6.2}{Premier test}{chapter.6}% 26
